<?xml version="1.0" encoding="UTF-8"?>
<!-- Generated by org.testng.reporters.JUnitReportReporter -->
<testsuite hostname="AdrianaPC" failures="0" tests="1" name="test.AddCategoryTest" time="1.950" errors="0" timestamp="2022-10-16T18:28:45 CDT" skipped="0">
  <testcase classname="test.AddCategoryTest" name="testingAddCategory" time="1.950"/>
  <system-out/>
</testsuite> <!-- test.AddCategoryTest -->
