<?xml version="1.0" encoding="UTF-8"?>
<!-- Generated by org.testng.reporters.JUnitReportReporter -->
<testsuite hostname="AdrianaPC" failures="0" tests="1" name="test.DropdownTest" time="1.839" errors="0" timestamp="2022-10-16T18:25:33 CDT" skipped="0">
  <testcase classname="test.DropdownTest" name="testingAddCategory" time="1.839"/>
  <system-out/>
</testsuite> <!-- test.DropdownTest -->
